<?xml version="1.0" encoding="UTF-8"?>
<testng-results skipped="0" failed="2" total="14" passed="12">
  <reporter-output>
  </reporter-output>
  <suite name="PWA TEST" duration-ms="261500" started-at="2020-05-30T15:38:23Z" finished-at="2020-05-30T15:42:44Z">
    <groups>
    </groups>
    <test name="Test Title" duration-ms="17917" started-at="2020-05-30T15:38:23Z" finished-at="2020-05-30T15:38:41Z">
      <class name="test.TEST_Title">
        <test-method status="PASS" signature="setUp()[pri:0, instance:test.TEST_Title@6442b0a6]" test-instance-name="" name="setUp" is-config="true" duration-ms="15802" started-at="2020-05-30T22:38:23Z" finished-at="2020-05-30T22:38:38Z">
          <reporter-output>
          </reporter-output>
        </test-method> <!-- setUp -->
        <test-method status="PASS" signature="title()[pri:0, instance:test.TEST_Title@6442b0a6]" test-instance-name="" name="title" duration-ms="856" started-at="2020-05-30T22:38:38Z" finished-at="2020-05-30T22:38:39Z">
          <reporter-output>
          </reporter-output>
        </test-method> <!-- title -->
        <test-method status="PASS" signature="setDown()[pri:0, instance:test.TEST_Title@6442b0a6]" test-instance-name="" name="setDown" is-config="true" duration-ms="1246" started-at="2020-05-30T22:38:39Z" finished-at="2020-05-30T22:38:41Z">
          <reporter-output>
          </reporter-output>
        </test-method> <!-- setDown -->
      </class> <!-- test.TEST_Title -->
    </test> <!-- Test Title -->
    <test name="Test Homepage" duration-ms="243568" started-at="2020-05-30T15:38:41Z" finished-at="2020-05-30T15:42:44Z">
      <class name="test.TEST_Homepage">
        <test-method status="PASS" signature="setUp()[pri:0, instance:test.TEST_Homepage@38082d64]" test-instance-name="" name="setUp" is-config="true" duration-ms="8565" started-at="2020-05-30T22:38:41Z" finished-at="2020-05-30T22:38:49Z">
          <reporter-output>
          </reporter-output>
        </test-method> <!-- setUp -->
        <test-method status="PASS" signature="home_account()[pri:6, instance:test.TEST_Homepage@38082d64]" test-instance-name="" name="home_account" duration-ms="730" started-at="2020-05-30T22:38:49Z" finished-at="2020-05-30T22:38:50Z">
          <reporter-output>
          </reporter-output>
        </test-method> <!-- home_account -->
        <test-method status="PASS" signature="setDown()[pri:0, instance:test.TEST_Homepage@38082d64]" test-instance-name="" name="setDown" is-config="true" duration-ms="921" started-at="2020-05-30T22:38:50Z" finished-at="2020-05-30T22:38:51Z">
          <reporter-output>
          </reporter-output>
        </test-method> <!-- setDown -->
        <test-method status="PASS" signature="setUp()[pri:0, instance:test.TEST_Homepage@38082d64]" test-instance-name="" name="setUp" is-config="true" duration-ms="7734" started-at="2020-05-30T22:38:51Z" finished-at="2020-05-30T22:38:59Z">
          <reporter-output>
          </reporter-output>
        </test-method> <!-- setUp -->
        <test-method status="FAIL" signature="home_adsBanner()[pri:6, instance:test.TEST_Homepage@38082d64]" test-instance-name="" name="home_adsBanner" duration-ms="31766" started-at="2020-05-30T22:38:59Z" finished-at="2020-05-30T22:39:30Z">
          <exception class="org.openqa.selenium.NoSuchElementException">
            <message>
              <![CDATA[no such element: Unable to locate element: {"method":"css selector","selector":"#google_image_div"}
  (Session info: chrome=83.0.4103.61)
For documentation on this error, please visit: https://www.seleniumhq.org/exceptions/no_such_element.html
Build info: version: '3.141.59', revision: 'e82be7d358', time: '2018-11-14T08:17:03'
System info: host: 'MNCTVN05589', ip: '192.168.43.28', os.name: 'Windows 10', os.arch: 'amd64', os.version: '10.0', java.version: '1.8.0_221'
Driver info: org.openqa.selenium.chrome.ChromeDriver
Capabilities {acceptInsecureCerts: false, browserName: chrome, browserVersion: 83.0.4103.61, chrome: {chromedriverVersion: 83.0.4103.39 (ccbf011cb2d2b..., userDataDir: C:\Users\FRANSI~1.SET\AppDa...}, goog:chromeOptions: {debuggerAddress: localhost:60505}, javascriptEnabled: true, networkConnectionEnabled: false, pageLoadStrategy: normal, platform: WINDOWS, platformName: WINDOWS, proxy: Proxy(), setWindowRect: true, strictFileInteractability: false, timeouts: {implicit: 0, pageLoad: 300000, script: 30000}, unhandledPromptBehavior: dismiss and notify, webauthn:virtualAuthenticators: true}
Session ID: f60b857603ca23bd6fa7aba1973548f9
*** Element info: {Using=id, value=google_image_div}]]>
            </message>
            <full-stacktrace>
              <![CDATA[org.openqa.selenium.NoSuchElementException: no such element: Unable to locate element: {"method":"css selector","selector":"#google_image_div"}
  (Session info: chrome=83.0.4103.61)
For documentation on this error, please visit: https://www.seleniumhq.org/exceptions/no_such_element.html
Build info: version: '3.141.59', revision: 'e82be7d358', time: '2018-11-14T08:17:03'
System info: host: 'MNCTVN05589', ip: '192.168.43.28', os.name: 'Windows 10', os.arch: 'amd64', os.version: '10.0', java.version: '1.8.0_221'
Driver info: org.openqa.selenium.chrome.ChromeDriver
Capabilities {acceptInsecureCerts: false, browserName: chrome, browserVersion: 83.0.4103.61, chrome: {chromedriverVersion: 83.0.4103.39 (ccbf011cb2d2b..., userDataDir: C:\Users\FRANSI~1.SET\AppDa...}, goog:chromeOptions: {debuggerAddress: localhost:60505}, javascriptEnabled: true, networkConnectionEnabled: false, pageLoadStrategy: normal, platform: WINDOWS, platformName: WINDOWS, proxy: Proxy(), setWindowRect: true, strictFileInteractability: false, timeouts: {implicit: 0, pageLoad: 300000, script: 30000}, unhandledPromptBehavior: dismiss and notify, webauthn:virtualAuthenticators: true}
Session ID: f60b857603ca23bd6fa7aba1973548f9
*** Element info: {Using=id, value=google_image_div}
	at sun.reflect.NativeConstructorAccessorImpl.newInstance0(Native Method)
	at sun.reflect.NativeConstructorAccessorImpl.newInstance(NativeConstructorAccessorImpl.java:62)
	at sun.reflect.DelegatingConstructorAccessorImpl.newInstance(DelegatingConstructorAccessorImpl.java:45)
	at java.lang.reflect.Constructor.newInstance(Constructor.java:423)
	at org.openqa.selenium.remote.http.W3CHttpResponseCodec.createException(W3CHttpResponseCodec.java:187)
	at org.openqa.selenium.remote.http.W3CHttpResponseCodec.decode(W3CHttpResponseCodec.java:122)
	at org.openqa.selenium.remote.http.W3CHttpResponseCodec.decode(W3CHttpResponseCodec.java:49)
	at org.openqa.selenium.remote.HttpCommandExecutor.execute(HttpCommandExecutor.java:158)
	at org.openqa.selenium.remote.service.DriverCommandExecutor.execute(DriverCommandExecutor.java:83)
	at org.openqa.selenium.remote.RemoteWebDriver.execute(RemoteWebDriver.java:552)
	at org.openqa.selenium.remote.RemoteWebDriver.findElement(RemoteWebDriver.java:323)
	at org.openqa.selenium.remote.RemoteWebDriver.findElementById(RemoteWebDriver.java:372)
	at org.openqa.selenium.By$ById.findElement(By.java:188)
	at org.openqa.selenium.remote.RemoteWebDriver.findElement(RemoteWebDriver.java:315)
	at test.testcases.Homepage.adsBanner(Homepage.java:29)
	at test.TEST_Homepage.home_adsBanner(TEST_Homepage.java:16)
	at sun.reflect.NativeMethodAccessorImpl.invoke0(Native Method)
	at sun.reflect.NativeMethodAccessorImpl.invoke(NativeMethodAccessorImpl.java:62)
	at sun.reflect.DelegatingMethodAccessorImpl.invoke(DelegatingMethodAccessorImpl.java:43)
	at java.lang.reflect.Method.invoke(Method.java:498)
	at org.testng.internal.MethodInvocationHelper.invokeMethod(MethodInvocationHelper.java:86)
	at org.testng.internal.Invoker.invokeMethod(Invoker.java:643)
	at org.testng.internal.Invoker.invokeTestMethod(Invoker.java:820)
	at org.testng.internal.Invoker.invokeTestMethods(Invoker.java:1128)
	at org.testng.internal.TestMethodWorker.invokeTestMethods(TestMethodWorker.java:129)
	at org.testng.internal.TestMethodWorker.run(TestMethodWorker.java:112)
	at org.testng.TestRunner.privateRun(TestRunner.java:782)
	at org.testng.TestRunner.run(TestRunner.java:632)
	at org.testng.SuiteRunner.runTest(SuiteRunner.java:366)
	at org.testng.SuiteRunner.access$000(SuiteRunner.java:39)
	at org.testng.SuiteRunner$SuiteWorker.run(SuiteRunner.java:400)
	at org.testng.internal.thread.ThreadUtil$2.call(ThreadUtil.java:64)
	at java.util.concurrent.FutureTask.run(FutureTask.java:266)
	at java.util.concurrent.ThreadPoolExecutor.runWorker(ThreadPoolExecutor.java:1149)
	at java.util.concurrent.ThreadPoolExecutor$Worker.run(ThreadPoolExecutor.java:624)
	at java.lang.Thread.run(Thread.java:748)
]]>
            </full-stacktrace>
          </exception> <!-- org.openqa.selenium.NoSuchElementException -->
          <reporter-output>
          </reporter-output>
        </test-method> <!-- home_adsBanner -->
        <test-method status="PASS" signature="setDown()[pri:0, instance:test.TEST_Homepage@38082d64]" test-instance-name="" name="setDown" is-config="true" duration-ms="1121" started-at="2020-05-30T22:39:30Z" finished-at="2020-05-30T22:39:31Z">
          <reporter-output>
          </reporter-output>
        </test-method> <!-- setDown -->
        <test-method status="PASS" signature="setUp()[pri:0, instance:test.TEST_Homepage@38082d64]" test-instance-name="" name="setUp" is-config="true" duration-ms="6905" started-at="2020-05-30T22:39:31Z" finished-at="2020-05-30T22:39:38Z">
          <reporter-output>
          </reporter-output>
        </test-method> <!-- setUp -->
        <test-method status="PASS" signature="home_countContentTitle()[pri:6, instance:test.TEST_Homepage@38082d64]" test-instance-name="" name="home_countContentTitle" duration-ms="2961" started-at="2020-05-30T22:39:38Z" finished-at="2020-05-30T22:39:41Z">
          <reporter-output>
          </reporter-output>
        </test-method> <!-- home_countContentTitle -->
        <test-method status="PASS" signature="setDown()[pri:0, instance:test.TEST_Homepage@38082d64]" test-instance-name="" name="setDown" is-config="true" duration-ms="813" started-at="2020-05-30T22:39:41Z" finished-at="2020-05-30T22:39:42Z">
          <reporter-output>
          </reporter-output>
        </test-method> <!-- setDown -->
        <test-method status="PASS" signature="setUp()[pri:0, instance:test.TEST_Homepage@38082d64]" test-instance-name="" name="setUp" is-config="true" duration-ms="8888" started-at="2020-05-30T22:39:42Z" finished-at="2020-05-30T22:39:51Z">
          <reporter-output>
          </reporter-output>
        </test-method> <!-- setUp -->
        <test-method status="PASS" signature="home_countImg()[pri:6, instance:test.TEST_Homepage@38082d64]" test-instance-name="" name="home_countImg" duration-ms="31093" started-at="2020-05-30T22:39:51Z" finished-at="2020-05-30T22:40:22Z">
          <reporter-output>
          </reporter-output>
        </test-method> <!-- home_countImg -->
        <test-method status="PASS" signature="setDown()[pri:0, instance:test.TEST_Homepage@38082d64]" test-instance-name="" name="setDown" is-config="true" duration-ms="1262" started-at="2020-05-30T22:40:22Z" finished-at="2020-05-30T22:40:23Z">
          <reporter-output>
          </reporter-output>
        </test-method> <!-- setDown -->
        <test-method status="PASS" signature="setUp()[pri:0, instance:test.TEST_Homepage@38082d64]" test-instance-name="" name="setUp" is-config="true" duration-ms="9046" started-at="2020-05-30T22:40:23Z" finished-at="2020-05-30T22:40:32Z">
          <reporter-output>
          </reporter-output>
        </test-method> <!-- setUp -->
        <test-method status="PASS" signature="home_countMenuBawah()[pri:6, instance:test.TEST_Homepage@38082d64]" test-instance-name="" name="home_countMenuBawah" duration-ms="1477" started-at="2020-05-30T22:40:32Z" finished-at="2020-05-30T22:40:34Z">
          <reporter-output>
          </reporter-output>
        </test-method> <!-- home_countMenuBawah -->
        <test-method status="PASS" signature="setDown()[pri:0, instance:test.TEST_Homepage@38082d64]" test-instance-name="" name="setDown" is-config="true" duration-ms="765" started-at="2020-05-30T22:40:34Z" finished-at="2020-05-30T22:40:35Z">
          <reporter-output>
          </reporter-output>
        </test-method> <!-- setDown -->
        <test-method status="PASS" signature="setUp()[pri:0, instance:test.TEST_Homepage@38082d64]" test-instance-name="" name="setUp" is-config="true" duration-ms="8085" started-at="2020-05-30T22:40:35Z" finished-at="2020-05-30T22:40:43Z">
          <reporter-output>
          </reporter-output>
        </test-method> <!-- setUp -->
        <test-method status="PASS" signature="home_countMenuTengah()[pri:6, instance:test.TEST_Homepage@38082d64]" test-instance-name="" name="home_countMenuTengah" duration-ms="3527" started-at="2020-05-30T22:40:43Z" finished-at="2020-05-30T22:40:46Z">
          <reporter-output>
          </reporter-output>
        </test-method> <!-- home_countMenuTengah -->
        <test-method status="PASS" signature="setDown()[pri:0, instance:test.TEST_Homepage@38082d64]" test-instance-name="" name="setDown" is-config="true" duration-ms="861" started-at="2020-05-30T22:40:46Z" finished-at="2020-05-30T22:40:47Z">
          <reporter-output>
          </reporter-output>
        </test-method> <!-- setDown -->
        <test-method status="PASS" signature="setUp()[pri:0, instance:test.TEST_Homepage@38082d64]" test-instance-name="" name="setUp" is-config="true" duration-ms="9249" started-at="2020-05-30T22:40:47Z" finished-at="2020-05-30T22:40:56Z">
          <reporter-output>
          </reporter-output>
        </test-method> <!-- setUp -->
        <test-method status="PASS" signature="home_exclusive()[pri:6, instance:test.TEST_Homepage@38082d64]" test-instance-name="" name="home_exclusive" duration-ms="3945" started-at="2020-05-30T22:40:56Z" finished-at="2020-05-30T22:41:00Z">
          <reporter-output>
          </reporter-output>
        </test-method> <!-- home_exclusive -->
        <test-method status="PASS" signature="setDown()[pri:0, instance:test.TEST_Homepage@38082d64]" test-instance-name="" name="setDown" is-config="true" duration-ms="862" started-at="2020-05-30T22:41:00Z" finished-at="2020-05-30T22:41:01Z">
          <reporter-output>
          </reporter-output>
        </test-method> <!-- setDown -->
        <test-method status="PASS" signature="setUp()[pri:0, instance:test.TEST_Homepage@38082d64]" test-instance-name="" name="setUp" is-config="true" duration-ms="8754" started-at="2020-05-30T22:41:01Z" finished-at="2020-05-30T22:41:10Z">
          <reporter-output>
          </reporter-output>
        </test-method> <!-- setUp -->
        <test-method status="PASS" signature="home_home()[pri:6, instance:test.TEST_Homepage@38082d64]" test-instance-name="" name="home_home" duration-ms="1273" started-at="2020-05-30T22:41:10Z" finished-at="2020-05-30T22:41:11Z">
          <reporter-output>
          </reporter-output>
        </test-method> <!-- home_home -->
        <test-method status="PASS" signature="setDown()[pri:0, instance:test.TEST_Homepage@38082d64]" test-instance-name="" name="setDown" is-config="true" duration-ms="896" started-at="2020-05-30T22:41:11Z" finished-at="2020-05-30T22:41:12Z">
          <reporter-output>
          </reporter-output>
        </test-method> <!-- setDown -->
        <test-method status="PASS" signature="setUp()[pri:0, instance:test.TEST_Homepage@38082d64]" test-instance-name="" name="setUp" is-config="true" duration-ms="8924" started-at="2020-05-30T22:41:12Z" finished-at="2020-05-30T22:41:21Z">
          <reporter-output>
          </reporter-output>
        </test-method> <!-- setUp -->
        <test-method status="PASS" signature="home_library()[pri:6, instance:test.TEST_Homepage@38082d64]" test-instance-name="" name="home_library" duration-ms="1583" started-at="2020-05-30T22:41:21Z" finished-at="2020-05-30T22:41:23Z">
          <reporter-output>
          </reporter-output>
        </test-method> <!-- home_library -->
        <test-method status="PASS" signature="setDown()[pri:0, instance:test.TEST_Homepage@38082d64]" test-instance-name="" name="setDown" is-config="true" duration-ms="800" started-at="2020-05-30T22:41:23Z" finished-at="2020-05-30T22:41:23Z">
          <reporter-output>
          </reporter-output>
        </test-method> <!-- setDown -->
        <test-method status="PASS" signature="setUp()[pri:0, instance:test.TEST_Homepage@38082d64]" test-instance-name="" name="setUp" is-config="true" duration-ms="9383" started-at="2020-05-30T22:41:23Z" finished-at="2020-05-30T22:41:33Z">
          <reporter-output>
          </reporter-output>
        </test-method> <!-- setUp -->
        <test-method status="PASS" signature="home_liveEvent()[pri:6, instance:test.TEST_Homepage@38082d64]" test-instance-name="" name="home_liveEvent" duration-ms="1660" started-at="2020-05-30T22:41:33Z" finished-at="2020-05-30T22:41:34Z">
          <reporter-output>
          </reporter-output>
        </test-method> <!-- home_liveEvent -->
        <test-method status="PASS" signature="setDown()[pri:0, instance:test.TEST_Homepage@38082d64]" test-instance-name="" name="setDown" is-config="true" duration-ms="1772" started-at="2020-05-30T22:41:34Z" finished-at="2020-05-30T22:41:36Z">
          <reporter-output>
          </reporter-output>
        </test-method> <!-- setDown -->
        <test-method status="PASS" signature="setUp()[pri:0, instance:test.TEST_Homepage@38082d64]" test-instance-name="" name="setUp" is-config="true" duration-ms="8782" started-at="2020-05-30T22:41:36Z" finished-at="2020-05-30T22:41:45Z">
          <reporter-output>
          </reporter-output>
        </test-method> <!-- setUp -->
        <test-method status="FAIL" signature="home_liveTv()[pri:6, instance:test.TEST_Homepage@38082d64]" test-instance-name="" name="home_liveTv" duration-ms="31904" started-at="2020-05-30T22:41:45Z" finished-at="2020-05-30T22:42:17Z">
          <exception class="org.openqa.selenium.NoSuchElementException">
            <message>
              <![CDATA[no such element: Unable to locate element: {"method":"xpath","selector":"//a[contains(text(),'Live TV')]"}
  (Session info: chrome=83.0.4103.61)
For documentation on this error, please visit: https://www.seleniumhq.org/exceptions/no_such_element.html
Build info: version: '3.141.59', revision: 'e82be7d358', time: '2018-11-14T08:17:03'
System info: host: 'MNCTVN05589', ip: '192.168.43.28', os.name: 'Windows 10', os.arch: 'amd64', os.version: '10.0', java.version: '1.8.0_221'
Driver info: org.openqa.selenium.chrome.ChromeDriver
Capabilities {acceptInsecureCerts: false, browserName: chrome, browserVersion: 83.0.4103.61, chrome: {chromedriverVersion: 83.0.4103.39 (ccbf011cb2d2b..., userDataDir: C:\Users\FRANSI~1.SET\AppDa...}, goog:chromeOptions: {debuggerAddress: localhost:61079}, javascriptEnabled: true, networkConnectionEnabled: false, pageLoadStrategy: normal, platform: WINDOWS, platformName: WINDOWS, proxy: Proxy(), setWindowRect: true, strictFileInteractability: false, timeouts: {implicit: 0, pageLoad: 300000, script: 30000}, unhandledPromptBehavior: dismiss and notify, webauthn:virtualAuthenticators: true}
Session ID: e98bbd9cd49e5fab9c517e8a01b61cbd
*** Element info: {Using=xpath, value=//a[contains(text(),'Live TV')]}]]>
            </message>
            <full-stacktrace>
              <![CDATA[org.openqa.selenium.NoSuchElementException: no such element: Unable to locate element: {"method":"xpath","selector":"//a[contains(text(),'Live TV')]"}
  (Session info: chrome=83.0.4103.61)
For documentation on this error, please visit: https://www.seleniumhq.org/exceptions/no_such_element.html
Build info: version: '3.141.59', revision: 'e82be7d358', time: '2018-11-14T08:17:03'
System info: host: 'MNCTVN05589', ip: '192.168.43.28', os.name: 'Windows 10', os.arch: 'amd64', os.version: '10.0', java.version: '1.8.0_221'
Driver info: org.openqa.selenium.chrome.ChromeDriver
Capabilities {acceptInsecureCerts: false, browserName: chrome, browserVersion: 83.0.4103.61, chrome: {chromedriverVersion: 83.0.4103.39 (ccbf011cb2d2b..., userDataDir: C:\Users\FRANSI~1.SET\AppDa...}, goog:chromeOptions: {debuggerAddress: localhost:61079}, javascriptEnabled: true, networkConnectionEnabled: false, pageLoadStrategy: normal, platform: WINDOWS, platformName: WINDOWS, proxy: Proxy(), setWindowRect: true, strictFileInteractability: false, timeouts: {implicit: 0, pageLoad: 300000, script: 30000}, unhandledPromptBehavior: dismiss and notify, webauthn:virtualAuthenticators: true}
Session ID: e98bbd9cd49e5fab9c517e8a01b61cbd
*** Element info: {Using=xpath, value=//a[contains(text(),'Live TV')]}
	at sun.reflect.NativeConstructorAccessorImpl.newInstance0(Native Method)
	at sun.reflect.NativeConstructorAccessorImpl.newInstance(NativeConstructorAccessorImpl.java:62)
	at sun.reflect.DelegatingConstructorAccessorImpl.newInstance(DelegatingConstructorAccessorImpl.java:45)
	at java.lang.reflect.Constructor.newInstance(Constructor.java:423)
	at org.openqa.selenium.remote.http.W3CHttpResponseCodec.createException(W3CHttpResponseCodec.java:187)
	at org.openqa.selenium.remote.http.W3CHttpResponseCodec.decode(W3CHttpResponseCodec.java:122)
	at org.openqa.selenium.remote.http.W3CHttpResponseCodec.decode(W3CHttpResponseCodec.java:49)
	at org.openqa.selenium.remote.HttpCommandExecutor.execute(HttpCommandExecutor.java:158)
	at org.openqa.selenium.remote.service.DriverCommandExecutor.execute(DriverCommandExecutor.java:83)
	at org.openqa.selenium.remote.RemoteWebDriver.execute(RemoteWebDriver.java:552)
	at org.openqa.selenium.remote.RemoteWebDriver.findElement(RemoteWebDriver.java:323)
	at org.openqa.selenium.remote.RemoteWebDriver.findElementByXPath(RemoteWebDriver.java:428)
	at org.openqa.selenium.By$ByXPath.findElement(By.java:353)
	at org.openqa.selenium.remote.RemoteWebDriver.findElement(RemoteWebDriver.java:315)
	at test.testcases.Homepage.liveTv(Homepage.java:47)
	at test.TEST_Homepage.home_liveTv(TEST_Homepage.java:37)
	at sun.reflect.NativeMethodAccessorImpl.invoke0(Native Method)
	at sun.reflect.NativeMethodAccessorImpl.invoke(NativeMethodAccessorImpl.java:62)
	at sun.reflect.DelegatingMethodAccessorImpl.invoke(DelegatingMethodAccessorImpl.java:43)
	at java.lang.reflect.Method.invoke(Method.java:498)
	at org.testng.internal.MethodInvocationHelper.invokeMethod(MethodInvocationHelper.java:86)
	at org.testng.internal.Invoker.invokeMethod(Invoker.java:643)
	at org.testng.internal.Invoker.invokeTestMethod(Invoker.java:820)
	at org.testng.internal.Invoker.invokeTestMethods(Invoker.java:1128)
	at org.testng.internal.TestMethodWorker.invokeTestMethods(TestMethodWorker.java:129)
	at org.testng.internal.TestMethodWorker.run(TestMethodWorker.java:112)
	at org.testng.TestRunner.privateRun(TestRunner.java:782)
	at org.testng.TestRunner.run(TestRunner.java:632)
	at org.testng.SuiteRunner.runTest(SuiteRunner.java:366)
	at org.testng.SuiteRunner.access$000(SuiteRunner.java:39)
	at org.testng.SuiteRunner$SuiteWorker.run(SuiteRunner.java:400)
	at org.testng.internal.thread.ThreadUtil$2.call(ThreadUtil.java:64)
	at java.util.concurrent.FutureTask.run(FutureTask.java:266)
	at java.util.concurrent.ThreadPoolExecutor.runWorker(ThreadPoolExecutor.java:1149)
	at java.util.concurrent.ThreadPoolExecutor$Worker.run(ThreadPoolExecutor.java:624)
	at java.lang.Thread.run(Thread.java:748)
]]>
            </full-stacktrace>
          </exception> <!-- org.openqa.selenium.NoSuchElementException -->
          <reporter-output>
          </reporter-output>
        </test-method> <!-- home_liveTv -->
        <test-method status="PASS" signature="setDown()[pri:0, instance:test.TEST_Homepage@38082d64]" test-instance-name="" name="setDown" is-config="true" duration-ms="1117" started-at="2020-05-30T22:42:17Z" finished-at="2020-05-30T22:42:18Z">
          <reporter-output>
          </reporter-output>
        </test-method> <!-- setDown -->
        <test-method status="PASS" signature="setUp()[pri:0, instance:test.TEST_Homepage@38082d64]" test-instance-name="" name="setUp" is-config="true" duration-ms="8835" started-at="2020-05-30T22:42:18Z" finished-at="2020-05-30T22:42:27Z">
          <reporter-output>
          </reporter-output>
        </test-method> <!-- setUp -->
        <test-method status="PASS" signature="home_news()[pri:6, instance:test.TEST_Homepage@38082d64]" test-instance-name="" name="home_news" duration-ms="3555" started-at="2020-05-30T22:42:27Z" finished-at="2020-05-30T22:42:30Z">
          <reporter-output>
          </reporter-output>
        </test-method> <!-- home_news -->
        <test-method status="PASS" signature="setDown()[pri:0, instance:test.TEST_Homepage@38082d64]" test-instance-name="" name="setDown" is-config="true" duration-ms="779" started-at="2020-05-30T22:42:30Z" finished-at="2020-05-30T22:42:31Z">
          <reporter-output>
          </reporter-output>
        </test-method> <!-- setDown -->
        <test-method status="PASS" signature="setUp()[pri:0, instance:test.TEST_Homepage@38082d64]" test-instance-name="" name="setUp" is-config="true" duration-ms="8771" started-at="2020-05-30T22:42:31Z" finished-at="2020-05-30T22:42:40Z">
          <reporter-output>
          </reporter-output>
        </test-method> <!-- setUp -->
        <test-method status="PASS" signature="home_radio()[pri:6, instance:test.TEST_Homepage@38082d64]" test-instance-name="" name="home_radio" duration-ms="3417" started-at="2020-05-30T22:42:40Z" finished-at="2020-05-30T22:42:43Z">
          <reporter-output>
          </reporter-output>
        </test-method> <!-- home_radio -->
        <test-method status="PASS" signature="setDown()[pri:0, instance:test.TEST_Homepage@38082d64]" test-instance-name="" name="setDown" is-config="true" duration-ms="777" started-at="2020-05-30T22:42:43Z" finished-at="2020-05-30T22:42:44Z">
          <reporter-output>
          </reporter-output>
        </test-method> <!-- setDown -->
      </class> <!-- test.TEST_Homepage -->
    </test> <!-- Test Homepage -->
  </suite> <!-- PWA TEST -->
</testng-results>
