<?xml version="1.0" encoding="UTF-8"?>
<testng-results skipped="0" failed="2" total="14" passed="12">
  <reporter-output>
  </reporter-output>
  <suite name="PWA TEST" duration-ms="295849" started-at="2020-05-30T15:08:08Z" finished-at="2020-05-30T15:13:04Z">
    <groups>
    </groups>
    <test name="Test Title" duration-ms="13794" started-at="2020-05-30T15:08:08Z" finished-at="2020-05-30T15:08:22Z">
      <class name="test.TEST_Title">
        <test-method status="PASS" signature="setUp()[pri:0, instance:test.TEST_Title@6442b0a6]" test-instance-name="" name="setUp" is-config="true" duration-ms="11044" started-at="2020-05-30T22:08:08Z" finished-at="2020-05-30T22:08:19Z">
          <reporter-output>
          </reporter-output>
        </test-method> <!-- setUp -->
        <test-method status="PASS" signature="title()[pri:0, instance:test.TEST_Title@6442b0a6]" test-instance-name="" name="title" duration-ms="1801" started-at="2020-05-30T22:08:19Z" finished-at="2020-05-30T22:08:21Z">
          <reporter-output>
          </reporter-output>
        </test-method> <!-- title -->
        <test-method status="PASS" signature="setDown()[pri:0, instance:test.TEST_Title@6442b0a6]" test-instance-name="" name="setDown" is-config="true" duration-ms="936" started-at="2020-05-30T22:08:21Z" finished-at="2020-05-30T22:08:22Z">
          <reporter-output>
          </reporter-output>
        </test-method> <!-- setDown -->
      </class> <!-- test.TEST_Title -->
    </test> <!-- Test Title -->
    <test name="Test Homepage" duration-ms="282041" started-at="2020-05-30T15:08:22Z" finished-at="2020-05-30T15:13:04Z">
      <class name="test.TEST_Homepage">
        <test-method status="PASS" signature="setUp()[pri:0, instance:test.TEST_Homepage@38082d64]" test-instance-name="" name="setUp" is-config="true" duration-ms="10243" started-at="2020-05-30T22:08:22Z" finished-at="2020-05-30T22:08:32Z">
          <reporter-output>
          </reporter-output>
        </test-method> <!-- setUp -->
        <test-method status="PASS" signature="home_account()[pri:6, instance:test.TEST_Homepage@38082d64]" test-instance-name="" name="home_account" duration-ms="1179" started-at="2020-05-30T22:08:32Z" finished-at="2020-05-30T22:08:34Z">
          <reporter-output>
          </reporter-output>
        </test-method> <!-- home_account -->
        <test-method status="PASS" signature="setDown()[pri:0, instance:test.TEST_Homepage@38082d64]" test-instance-name="" name="setDown" is-config="true" duration-ms="1008" started-at="2020-05-30T22:08:34Z" finished-at="2020-05-30T22:08:35Z">
          <reporter-output>
          </reporter-output>
        </test-method> <!-- setDown -->
        <test-method status="PASS" signature="setUp()[pri:0, instance:test.TEST_Homepage@38082d64]" test-instance-name="" name="setUp" is-config="true" duration-ms="8714" started-at="2020-05-30T22:08:35Z" finished-at="2020-05-30T22:08:43Z">
          <reporter-output>
          </reporter-output>
        </test-method> <!-- setUp -->
        <test-method status="FAIL" signature="home_adsBanner()[pri:6, instance:test.TEST_Homepage@38082d64]" test-instance-name="" name="home_adsBanner" duration-ms="31176" started-at="2020-05-30T22:08:43Z" finished-at="2020-05-30T22:09:14Z">
          <exception class="org.openqa.selenium.NoSuchElementException">
            <message>
              <![CDATA[no such element: Unable to locate element: {"method":"css selector","selector":"#google_image_div"}
  (Session info: chrome=83.0.4103.61)
For documentation on this error, please visit: https://www.seleniumhq.org/exceptions/no_such_element.html
Build info: version: '3.141.59', revision: 'e82be7d358', time: '2018-11-14T08:17:03'
System info: host: 'MNCTVN05589', ip: '192.168.43.28', os.name: 'Windows 10', os.arch: 'amd64', os.version: '10.0', java.version: '1.8.0_221'
Driver info: org.openqa.selenium.chrome.ChromeDriver
Capabilities {acceptInsecureCerts: false, browserName: chrome, browserVersion: 83.0.4103.61, chrome: {chromedriverVersion: 83.0.4103.39 (ccbf011cb2d2b..., userDataDir: C:\Users\FRANSI~1.SET\AppDa...}, goog:chromeOptions: {debuggerAddress: localhost:57564}, javascriptEnabled: true, networkConnectionEnabled: false, pageLoadStrategy: normal, platform: WINDOWS, platformName: WINDOWS, proxy: Proxy(), setWindowRect: true, strictFileInteractability: false, timeouts: {implicit: 0, pageLoad: 300000, script: 30000}, unhandledPromptBehavior: dismiss and notify, webauthn:virtualAuthenticators: true}
Session ID: c25f890ab1c93df4677f5450a57f3c44
*** Element info: {Using=id, value=google_image_div}]]>
            </message>
            <full-stacktrace>
              <![CDATA[org.openqa.selenium.NoSuchElementException: no such element: Unable to locate element: {"method":"css selector","selector":"#google_image_div"}
  (Session info: chrome=83.0.4103.61)
For documentation on this error, please visit: https://www.seleniumhq.org/exceptions/no_such_element.html
Build info: version: '3.141.59', revision: 'e82be7d358', time: '2018-11-14T08:17:03'
System info: host: 'MNCTVN05589', ip: '192.168.43.28', os.name: 'Windows 10', os.arch: 'amd64', os.version: '10.0', java.version: '1.8.0_221'
Driver info: org.openqa.selenium.chrome.ChromeDriver
Capabilities {acceptInsecureCerts: false, browserName: chrome, browserVersion: 83.0.4103.61, chrome: {chromedriverVersion: 83.0.4103.39 (ccbf011cb2d2b..., userDataDir: C:\Users\FRANSI~1.SET\AppDa...}, goog:chromeOptions: {debuggerAddress: localhost:57564}, javascriptEnabled: true, networkConnectionEnabled: false, pageLoadStrategy: normal, platform: WINDOWS, platformName: WINDOWS, proxy: Proxy(), setWindowRect: true, strictFileInteractability: false, timeouts: {implicit: 0, pageLoad: 300000, script: 30000}, unhandledPromptBehavior: dismiss and notify, webauthn:virtualAuthenticators: true}
Session ID: c25f890ab1c93df4677f5450a57f3c44
*** Element info: {Using=id, value=google_image_div}
	at sun.reflect.NativeConstructorAccessorImpl.newInstance0(Native Method)
	at sun.reflect.NativeConstructorAccessorImpl.newInstance(NativeConstructorAccessorImpl.java:62)
	at sun.reflect.DelegatingConstructorAccessorImpl.newInstance(DelegatingConstructorAccessorImpl.java:45)
	at java.lang.reflect.Constructor.newInstance(Constructor.java:423)
	at org.openqa.selenium.remote.http.W3CHttpResponseCodec.createException(W3CHttpResponseCodec.java:187)
	at org.openqa.selenium.remote.http.W3CHttpResponseCodec.decode(W3CHttpResponseCodec.java:122)
	at org.openqa.selenium.remote.http.W3CHttpResponseCodec.decode(W3CHttpResponseCodec.java:49)
	at org.openqa.selenium.remote.HttpCommandExecutor.execute(HttpCommandExecutor.java:158)
	at org.openqa.selenium.remote.service.DriverCommandExecutor.execute(DriverCommandExecutor.java:83)
	at org.openqa.selenium.remote.RemoteWebDriver.execute(RemoteWebDriver.java:552)
	at org.openqa.selenium.remote.RemoteWebDriver.findElement(RemoteWebDriver.java:323)
	at org.openqa.selenium.remote.RemoteWebDriver.findElementById(RemoteWebDriver.java:372)
	at org.openqa.selenium.By$ById.findElement(By.java:188)
	at org.openqa.selenium.remote.RemoteWebDriver.findElement(RemoteWebDriver.java:315)
	at test.testcases.Homepage.adsBanner(Homepage.java:29)
	at test.TEST_Homepage.home_adsBanner(TEST_Homepage.java:16)
	at sun.reflect.NativeMethodAccessorImpl.invoke0(Native Method)
	at sun.reflect.NativeMethodAccessorImpl.invoke(NativeMethodAccessorImpl.java:62)
	at sun.reflect.DelegatingMethodAccessorImpl.invoke(DelegatingMethodAccessorImpl.java:43)
	at java.lang.reflect.Method.invoke(Method.java:498)
	at org.testng.internal.MethodInvocationHelper.invokeMethod(MethodInvocationHelper.java:86)
	at org.testng.internal.Invoker.invokeMethod(Invoker.java:643)
	at org.testng.internal.Invoker.invokeTestMethod(Invoker.java:820)
	at org.testng.internal.Invoker.invokeTestMethods(Invoker.java:1128)
	at org.testng.internal.TestMethodWorker.invokeTestMethods(TestMethodWorker.java:129)
	at org.testng.internal.TestMethodWorker.run(TestMethodWorker.java:112)
	at org.testng.TestRunner.privateRun(TestRunner.java:782)
	at org.testng.TestRunner.run(TestRunner.java:632)
	at org.testng.SuiteRunner.runTest(SuiteRunner.java:366)
	at org.testng.SuiteRunner.access$000(SuiteRunner.java:39)
	at org.testng.SuiteRunner$SuiteWorker.run(SuiteRunner.java:400)
	at org.testng.internal.thread.ThreadUtil$2.call(ThreadUtil.java:64)
	at java.util.concurrent.FutureTask.run(FutureTask.java:266)
	at java.util.concurrent.ThreadPoolExecutor.runWorker(ThreadPoolExecutor.java:1149)
	at java.util.concurrent.ThreadPoolExecutor$Worker.run(ThreadPoolExecutor.java:624)
	at java.lang.Thread.run(Thread.java:748)
]]>
            </full-stacktrace>
          </exception> <!-- org.openqa.selenium.NoSuchElementException -->
          <reporter-output>
          </reporter-output>
        </test-method> <!-- home_adsBanner -->
        <test-method status="PASS" signature="setDown()[pri:0, instance:test.TEST_Homepage@38082d64]" test-instance-name="" name="setDown" is-config="true" duration-ms="1182" started-at="2020-05-30T22:09:14Z" finished-at="2020-05-30T22:09:16Z">
          <reporter-output>
          </reporter-output>
        </test-method> <!-- setDown -->
        <test-method status="PASS" signature="setUp()[pri:0, instance:test.TEST_Homepage@38082d64]" test-instance-name="" name="setUp" is-config="true" duration-ms="8771" started-at="2020-05-30T22:09:16Z" finished-at="2020-05-30T22:09:24Z">
          <reporter-output>
          </reporter-output>
        </test-method> <!-- setUp -->
        <test-method status="PASS" signature="home_countContentTitle()[pri:6, instance:test.TEST_Homepage@38082d64]" test-instance-name="" name="home_countContentTitle" duration-ms="10307" started-at="2020-05-30T22:09:24Z" finished-at="2020-05-30T22:09:35Z">
          <reporter-output>
          </reporter-output>
        </test-method> <!-- home_countContentTitle -->
        <test-method status="PASS" signature="setDown()[pri:0, instance:test.TEST_Homepage@38082d64]" test-instance-name="" name="setDown" is-config="true" duration-ms="1068" started-at="2020-05-30T22:09:35Z" finished-at="2020-05-30T22:09:36Z">
          <reporter-output>
          </reporter-output>
        </test-method> <!-- setDown -->
        <test-method status="PASS" signature="setUp()[pri:0, instance:test.TEST_Homepage@38082d64]" test-instance-name="" name="setUp" is-config="true" duration-ms="8771" started-at="2020-05-30T22:09:36Z" finished-at="2020-05-30T22:09:45Z">
          <reporter-output>
          </reporter-output>
        </test-method> <!-- setUp -->
        <test-method status="PASS" signature="home_countImg()[pri:6, instance:test.TEST_Homepage@38082d64]" test-instance-name="" name="home_countImg" duration-ms="30861" started-at="2020-05-30T22:09:45Z" finished-at="2020-05-30T22:10:15Z">
          <reporter-output>
          </reporter-output>
        </test-method> <!-- home_countImg -->
        <test-method status="PASS" signature="setDown()[pri:0, instance:test.TEST_Homepage@38082d64]" test-instance-name="" name="setDown" is-config="true" duration-ms="1147" started-at="2020-05-30T22:10:15Z" finished-at="2020-05-30T22:10:17Z">
          <reporter-output>
          </reporter-output>
        </test-method> <!-- setDown -->
        <test-method status="PASS" signature="setUp()[pri:0, instance:test.TEST_Homepage@38082d64]" test-instance-name="" name="setUp" is-config="true" duration-ms="8856" started-at="2020-05-30T22:10:17Z" finished-at="2020-05-30T22:10:25Z">
          <reporter-output>
          </reporter-output>
        </test-method> <!-- setUp -->
        <test-method status="PASS" signature="home_countMenuBawah()[pri:6, instance:test.TEST_Homepage@38082d64]" test-instance-name="" name="home_countMenuBawah" duration-ms="1226" started-at="2020-05-30T22:10:25Z" finished-at="2020-05-30T22:10:27Z">
          <reporter-output>
          </reporter-output>
        </test-method> <!-- home_countMenuBawah -->
        <test-method status="PASS" signature="setDown()[pri:0, instance:test.TEST_Homepage@38082d64]" test-instance-name="" name="setDown" is-config="true" duration-ms="901" started-at="2020-05-30T22:10:27Z" finished-at="2020-05-30T22:10:28Z">
          <reporter-output>
          </reporter-output>
        </test-method> <!-- setDown -->
        <test-method status="PASS" signature="setUp()[pri:0, instance:test.TEST_Homepage@38082d64]" test-instance-name="" name="setUp" is-config="true" duration-ms="8104" started-at="2020-05-30T22:10:28Z" finished-at="2020-05-30T22:10:36Z">
          <reporter-output>
          </reporter-output>
        </test-method> <!-- setUp -->
        <test-method status="PASS" signature="home_countMenuTengah()[pri:6, instance:test.TEST_Homepage@38082d64]" test-instance-name="" name="home_countMenuTengah" duration-ms="10761" started-at="2020-05-30T22:10:36Z" finished-at="2020-05-30T22:10:46Z">
          <reporter-output>
          </reporter-output>
        </test-method> <!-- home_countMenuTengah -->
        <test-method status="PASS" signature="setDown()[pri:0, instance:test.TEST_Homepage@38082d64]" test-instance-name="" name="setDown" is-config="true" duration-ms="1340" started-at="2020-05-30T22:10:46Z" finished-at="2020-05-30T22:10:48Z">
          <reporter-output>
          </reporter-output>
        </test-method> <!-- setDown -->
        <test-method status="PASS" signature="setUp()[pri:0, instance:test.TEST_Homepage@38082d64]" test-instance-name="" name="setUp" is-config="true" duration-ms="8800" started-at="2020-05-30T22:10:48Z" finished-at="2020-05-30T22:10:57Z">
          <reporter-output>
          </reporter-output>
        </test-method> <!-- setUp -->
        <test-method status="PASS" signature="home_exclusive()[pri:6, instance:test.TEST_Homepage@38082d64]" test-instance-name="" name="home_exclusive" duration-ms="3641" started-at="2020-05-30T22:10:57Z" finished-at="2020-05-30T22:11:00Z">
          <reporter-output>
          </reporter-output>
        </test-method> <!-- home_exclusive -->
        <test-method status="PASS" signature="setDown()[pri:0, instance:test.TEST_Homepage@38082d64]" test-instance-name="" name="setDown" is-config="true" duration-ms="772" started-at="2020-05-30T22:11:00Z" finished-at="2020-05-30T22:11:01Z">
          <reporter-output>
          </reporter-output>
        </test-method> <!-- setDown -->
        <test-method status="PASS" signature="setUp()[pri:0, instance:test.TEST_Homepage@38082d64]" test-instance-name="" name="setUp" is-config="true" duration-ms="7784" started-at="2020-05-30T22:11:01Z" finished-at="2020-05-30T22:11:09Z">
          <reporter-output>
          </reporter-output>
        </test-method> <!-- setUp -->
        <test-method status="PASS" signature="home_home()[pri:6, instance:test.TEST_Homepage@38082d64]" test-instance-name="" name="home_home" duration-ms="1842" started-at="2020-05-30T22:11:09Z" finished-at="2020-05-30T22:11:11Z">
          <reporter-output>
          </reporter-output>
        </test-method> <!-- home_home -->
        <test-method status="PASS" signature="setDown()[pri:0, instance:test.TEST_Homepage@38082d64]" test-instance-name="" name="setDown" is-config="true" duration-ms="892" started-at="2020-05-30T22:11:11Z" finished-at="2020-05-30T22:11:11Z">
          <reporter-output>
          </reporter-output>
        </test-method> <!-- setDown -->
        <test-method status="PASS" signature="setUp()[pri:0, instance:test.TEST_Homepage@38082d64]" test-instance-name="" name="setUp" is-config="true" duration-ms="9003" started-at="2020-05-30T22:11:11Z" finished-at="2020-05-30T22:11:20Z">
          <reporter-output>
          </reporter-output>
        </test-method> <!-- setUp -->
        <test-method status="PASS" signature="home_library()[pri:6, instance:test.TEST_Homepage@38082d64]" test-instance-name="" name="home_library" duration-ms="1170" started-at="2020-05-30T22:11:20Z" finished-at="2020-05-30T22:11:22Z">
          <reporter-output>
          </reporter-output>
        </test-method> <!-- home_library -->
        <test-method status="PASS" signature="setDown()[pri:0, instance:test.TEST_Homepage@38082d64]" test-instance-name="" name="setDown" is-config="true" duration-ms="915" started-at="2020-05-30T22:11:22Z" finished-at="2020-05-30T22:11:23Z">
          <reporter-output>
          </reporter-output>
        </test-method> <!-- setDown -->
        <test-method status="PASS" signature="setUp()[pri:0, instance:test.TEST_Homepage@38082d64]" test-instance-name="" name="setUp" is-config="true" duration-ms="9155" started-at="2020-05-30T22:11:23Z" finished-at="2020-05-30T22:11:32Z">
          <reporter-output>
          </reporter-output>
        </test-method> <!-- setUp -->
        <test-method status="PASS" signature="home_liveEvent()[pri:6, instance:test.TEST_Homepage@38082d64]" test-instance-name="" name="home_liveEvent" duration-ms="878" started-at="2020-05-30T22:11:32Z" finished-at="2020-05-30T22:11:33Z">
          <reporter-output>
          </reporter-output>
        </test-method> <!-- home_liveEvent -->
        <test-method status="PASS" signature="setDown()[pri:0, instance:test.TEST_Homepage@38082d64]" test-instance-name="" name="setDown" is-config="true" duration-ms="1032" started-at="2020-05-30T22:11:33Z" finished-at="2020-05-30T22:11:34Z">
          <reporter-output>
          </reporter-output>
        </test-method> <!-- setDown -->
        <test-method status="PASS" signature="setUp()[pri:0, instance:test.TEST_Homepage@38082d64]" test-instance-name="" name="setUp" is-config="true" duration-ms="12114" started-at="2020-05-30T22:11:34Z" finished-at="2020-05-30T22:11:46Z">
          <reporter-output>
          </reporter-output>
        </test-method> <!-- setUp -->
        <test-method status="FAIL" signature="home_liveTv()[pri:6, instance:test.TEST_Homepage@38082d64]" test-instance-name="" name="home_liveTv" duration-ms="30815" started-at="2020-05-30T22:11:46Z" finished-at="2020-05-30T22:12:17Z">
          <exception class="org.openqa.selenium.NoSuchElementException">
            <message>
              <![CDATA[no such element: Unable to locate element: {"method":"xpath","selector":"//a[contains(text(),'Live TV')]"}
  (Session info: chrome=83.0.4103.61)
For documentation on this error, please visit: https://www.seleniumhq.org/exceptions/no_such_element.html
Build info: version: '3.141.59', revision: 'e82be7d358', time: '2018-11-14T08:17:03'
System info: host: 'MNCTVN05589', ip: '192.168.43.28', os.name: 'Windows 10', os.arch: 'amd64', os.version: '10.0', java.version: '1.8.0_221'
Driver info: org.openqa.selenium.chrome.ChromeDriver
Capabilities {acceptInsecureCerts: false, browserName: chrome, browserVersion: 83.0.4103.61, chrome: {chromedriverVersion: 83.0.4103.39 (ccbf011cb2d2b..., userDataDir: C:\Users\FRANSI~1.SET\AppDa...}, goog:chromeOptions: {debuggerAddress: localhost:58147}, javascriptEnabled: true, networkConnectionEnabled: false, pageLoadStrategy: normal, platform: WINDOWS, platformName: WINDOWS, proxy: Proxy(), setWindowRect: true, strictFileInteractability: false, timeouts: {implicit: 0, pageLoad: 300000, script: 30000}, unhandledPromptBehavior: dismiss and notify, webauthn:virtualAuthenticators: true}
Session ID: 5dc4f4da03a1d27039a2f77ff5456624
*** Element info: {Using=xpath, value=//a[contains(text(),'Live TV')]}]]>
            </message>
            <full-stacktrace>
              <![CDATA[org.openqa.selenium.NoSuchElementException: no such element: Unable to locate element: {"method":"xpath","selector":"//a[contains(text(),'Live TV')]"}
  (Session info: chrome=83.0.4103.61)
For documentation on this error, please visit: https://www.seleniumhq.org/exceptions/no_such_element.html
Build info: version: '3.141.59', revision: 'e82be7d358', time: '2018-11-14T08:17:03'
System info: host: 'MNCTVN05589', ip: '192.168.43.28', os.name: 'Windows 10', os.arch: 'amd64', os.version: '10.0', java.version: '1.8.0_221'
Driver info: org.openqa.selenium.chrome.ChromeDriver
Capabilities {acceptInsecureCerts: false, browserName: chrome, browserVersion: 83.0.4103.61, chrome: {chromedriverVersion: 83.0.4103.39 (ccbf011cb2d2b..., userDataDir: C:\Users\FRANSI~1.SET\AppDa...}, goog:chromeOptions: {debuggerAddress: localhost:58147}, javascriptEnabled: true, networkConnectionEnabled: false, pageLoadStrategy: normal, platform: WINDOWS, platformName: WINDOWS, proxy: Proxy(), setWindowRect: true, strictFileInteractability: false, timeouts: {implicit: 0, pageLoad: 300000, script: 30000}, unhandledPromptBehavior: dismiss and notify, webauthn:virtualAuthenticators: true}
Session ID: 5dc4f4da03a1d27039a2f77ff5456624
*** Element info: {Using=xpath, value=//a[contains(text(),'Live TV')]}
	at sun.reflect.NativeConstructorAccessorImpl.newInstance0(Native Method)
	at sun.reflect.NativeConstructorAccessorImpl.newInstance(NativeConstructorAccessorImpl.java:62)
	at sun.reflect.DelegatingConstructorAccessorImpl.newInstance(DelegatingConstructorAccessorImpl.java:45)
	at java.lang.reflect.Constructor.newInstance(Constructor.java:423)
	at org.openqa.selenium.remote.http.W3CHttpResponseCodec.createException(W3CHttpResponseCodec.java:187)
	at org.openqa.selenium.remote.http.W3CHttpResponseCodec.decode(W3CHttpResponseCodec.java:122)
	at org.openqa.selenium.remote.http.W3CHttpResponseCodec.decode(W3CHttpResponseCodec.java:49)
	at org.openqa.selenium.remote.HttpCommandExecutor.execute(HttpCommandExecutor.java:158)
	at org.openqa.selenium.remote.service.DriverCommandExecutor.execute(DriverCommandExecutor.java:83)
	at org.openqa.selenium.remote.RemoteWebDriver.execute(RemoteWebDriver.java:552)
	at org.openqa.selenium.remote.RemoteWebDriver.findElement(RemoteWebDriver.java:323)
	at org.openqa.selenium.remote.RemoteWebDriver.findElementByXPath(RemoteWebDriver.java:428)
	at org.openqa.selenium.By$ByXPath.findElement(By.java:353)
	at org.openqa.selenium.remote.RemoteWebDriver.findElement(RemoteWebDriver.java:315)
	at test.testcases.Homepage.liveTv(Homepage.java:47)
	at test.TEST_Homepage.home_liveTv(TEST_Homepage.java:37)
	at sun.reflect.NativeMethodAccessorImpl.invoke0(Native Method)
	at sun.reflect.NativeMethodAccessorImpl.invoke(NativeMethodAccessorImpl.java:62)
	at sun.reflect.DelegatingMethodAccessorImpl.invoke(DelegatingMethodAccessorImpl.java:43)
	at java.lang.reflect.Method.invoke(Method.java:498)
	at org.testng.internal.MethodInvocationHelper.invokeMethod(MethodInvocationHelper.java:86)
	at org.testng.internal.Invoker.invokeMethod(Invoker.java:643)
	at org.testng.internal.Invoker.invokeTestMethod(Invoker.java:820)
	at org.testng.internal.Invoker.invokeTestMethods(Invoker.java:1128)
	at org.testng.internal.TestMethodWorker.invokeTestMethods(TestMethodWorker.java:129)
	at org.testng.internal.TestMethodWorker.run(TestMethodWorker.java:112)
	at org.testng.TestRunner.privateRun(TestRunner.java:782)
	at org.testng.TestRunner.run(TestRunner.java:632)
	at org.testng.SuiteRunner.runTest(SuiteRunner.java:366)
	at org.testng.SuiteRunner.access$000(SuiteRunner.java:39)
	at org.testng.SuiteRunner$SuiteWorker.run(SuiteRunner.java:400)
	at org.testng.internal.thread.ThreadUtil$2.call(ThreadUtil.java:64)
	at java.util.concurrent.FutureTask.run(FutureTask.java:266)
	at java.util.concurrent.ThreadPoolExecutor.runWorker(ThreadPoolExecutor.java:1149)
	at java.util.concurrent.ThreadPoolExecutor$Worker.run(ThreadPoolExecutor.java:624)
	at java.lang.Thread.run(Thread.java:748)
]]>
            </full-stacktrace>
          </exception> <!-- org.openqa.selenium.NoSuchElementException -->
          <reporter-output>
          </reporter-output>
        </test-method> <!-- home_liveTv -->
        <test-method status="PASS" signature="setDown()[pri:0, instance:test.TEST_Homepage@38082d64]" test-instance-name="" name="setDown" is-config="true" duration-ms="1281" started-at="2020-05-30T22:12:17Z" finished-at="2020-05-30T22:12:18Z">
          <reporter-output>
          </reporter-output>
        </test-method> <!-- setDown -->
        <test-method status="PASS" signature="setUp()[pri:0, instance:test.TEST_Homepage@38082d64]" test-instance-name="" name="setUp" is-config="true" duration-ms="10309" started-at="2020-05-30T22:12:18Z" finished-at="2020-05-30T22:12:28Z">
          <reporter-output>
          </reporter-output>
        </test-method> <!-- setUp -->
        <test-method status="PASS" signature="home_news()[pri:6, instance:test.TEST_Homepage@38082d64]" test-instance-name="" name="home_news" duration-ms="3569" started-at="2020-05-30T22:12:28Z" finished-at="2020-05-30T22:12:32Z">
          <reporter-output>
          </reporter-output>
        </test-method> <!-- home_news -->
        <test-method status="PASS" signature="setDown()[pri:0, instance:test.TEST_Homepage@38082d64]" test-instance-name="" name="setDown" is-config="true" duration-ms="785" started-at="2020-05-30T22:12:32Z" finished-at="2020-05-30T22:12:33Z">
          <reporter-output>
          </reporter-output>
        </test-method> <!-- setDown -->
        <test-method status="PASS" signature="setUp()[pri:0, instance:test.TEST_Homepage@38082d64]" test-instance-name="" name="setUp" is-config="true" duration-ms="8495" started-at="2020-05-30T22:12:33Z" finished-at="2020-05-30T22:12:41Z">
          <reporter-output>
          </reporter-output>
        </test-method> <!-- setUp -->
        <test-method status="PASS" signature="home_radio()[pri:6, instance:test.TEST_Homepage@38082d64]" test-instance-name="" name="home_radio" duration-ms="21601" started-at="2020-05-30T22:12:41Z" finished-at="2020-05-30T22:13:03Z">
          <reporter-output>
          </reporter-output>
        </test-method> <!-- home_radio -->
        <test-method status="PASS" signature="setDown()[pri:0, instance:test.TEST_Homepage@38082d64]" test-instance-name="" name="setDown" is-config="true" duration-ms="1564" started-at="2020-05-30T22:13:03Z" finished-at="2020-05-30T22:13:04Z">
          <reporter-output>
          </reporter-output>
        </test-method> <!-- setDown -->
      </class> <!-- test.TEST_Homepage -->
    </test> <!-- Test Homepage -->
  </suite> <!-- PWA TEST -->
</testng-results>
