<?xml version="1.0" encoding="UTF-8"?>
<testng-results skipped="0" failed="0" total="1" passed="1">
  <reporter-output>
  </reporter-output>
  <suite name="Default suite" duration-ms="15378" started-at="2020-05-30T12:51:57Z" finished-at="2020-05-30T12:52:12Z">
    <groups>
    </groups>
    <test name="Default test" duration-ms="15378" started-at="2020-05-30T12:51:57Z" finished-at="2020-05-30T12:52:12Z">
      <class name="test.Baseclass">
        <test-method status="PASS" signature="setUp()[pri:0, instance:test.Baseclass@39c0f4a]" name="setUp" duration-ms="14599" started-at="2020-05-30T19:51:57Z" finished-at="2020-05-30T19:52:11Z">
          <reporter-output>
          </reporter-output>
        </test-method> <!-- setUp -->
        <test-method status="PASS" signature="setDown()[pri:0, instance:test.Baseclass@39c0f4a]" name="setDown" is-config="true" duration-ms="759" started-at="2020-05-30T19:52:11Z" finished-at="2020-05-30T19:52:12Z">
          <reporter-output>
          </reporter-output>
        </test-method> <!-- setDown -->
      </class> <!-- test.Baseclass -->
    </test> <!-- Default test -->
  </suite> <!-- Default suite -->
</testng-results>
